2019-05-14 16:45:18,420 [Worker-1] INFO  o.e.m.c.i.l.LifecycleMappingFactory - Using org.eclipse.m2e.jdt.JarLifecycleMapping lifecycle mapping for MavenProject: basic:facebook:0.0.1-SNAPSHOT @ C:\Users\senthil\Desktop\workspace\qsp\facebook\pom.xml.
2019-05-14 16:45:23,469 [Worker-1] INFO  o.e.m.j.i.AbstractJavaProjectConfigurator - Adding source folder /facebook/src/main/java
2019-05-14 16:45:23,470 [Worker-1] INFO  o.e.m.j.i.AbstractJavaProjectConfigurator - Adding source folder /facebook/src/test/java
2019-05-14 16:45:23,472 [Worker-2] INFO  o.e.m.c.i.l.LifecycleMappingFactory - Using org.eclipse.m2e.jdt.JarLifecycleMapping lifecycle mapping for MavenProject: basic:facebook:0.0.1-SNAPSHOT @ C:\Users\senthil\Desktop\workspace\qsp\facebook\pom.xml.
2019-05-14 16:45:23,608 [Worker-1] INFO  o.e.m.c.i.p.ProjectConfigurationManager - Imported and configured 1 project(s) in 20 sec
2019-05-14 16:45:24,756 [Worker-5] INFO  o.e.m.c.i.l.LifecycleMappingFactory - Using org.eclipse.m2e.jdt.JarLifecycleMapping lifecycle mapping for MavenProject: basic:facebook:0.0.1-SNAPSHOT @ C:\Users\senthil\Desktop\workspace\qsp\facebook\pom.xml.
2019-05-14 16:45:24,896 [Worker-5] INFO  o.e.m.c.i.embedder.EclipseLogger - Using 'UTF-8' encoding to copy filtered resources.
2019-05-14 16:45:24,896 [Worker-5] INFO  o.e.m.c.i.embedder.EclipseLogger - skip non existing resourceDirectory C:\Users\senthil\Desktop\workspace\qsp\facebook\src\main\resources
2019-05-14 16:45:24,896 [Worker-5] INFO  o.e.m.c.i.embedder.EclipseLogger - Using 'UTF-8' encoding to copy filtered resources.
2019-05-14 16:45:24,896 [Worker-5] INFO  o.e.m.c.i.embedder.EclipseLogger - skip non existing resourceDirectory C:\Users\senthil\Desktop\workspace\qsp\facebook\src\test\resources
2019-05-14 16:52:47,502 [Worker-4] INFO  o.e.m.c.i.embedder.EclipseLogger - Using 'UTF-8' encoding to copy filtered resources.
2019-05-14 16:52:47,505 [Worker-4] INFO  o.e.m.c.i.embedder.EclipseLogger - skip non existing resourceDirectory C:\Users\senthil\Desktop\workspace\qsp\facebook\src\main\resources
2019-05-14 16:52:47,507 [Worker-4] INFO  o.e.m.c.i.embedder.EclipseLogger - Using 'UTF-8' encoding to copy filtered resources.
2019-05-14 16:52:47,507 [Worker-4] INFO  o.e.m.c.i.embedder.EclipseLogger - skip non existing resourceDirectory C:\Users\senthil\Desktop\workspace\qsp\facebook\src\test\resources
2019-05-14 16:53:30,380 [Worker-4] INFO  o.e.m.c.i.p.ProjectConfigurationManager - Collecting project info '/pom.xml' C:\Users\senthil\Desktop\workspace\qsp1\gmail\pom.xml
2019-05-14 16:53:32,050 [Worker-4] INFO  o.e.m.c.i.l.LifecycleMappingFactory - Using org.eclipse.m2e.jdt.JarLifecycleMapping lifecycle mapping for MavenProject: basic:gmail:0.0.1-SNAPSHOT @ C:\Users\senthil\Desktop\workspace\qsp1\gmail\pom.xml.
2019-05-14 16:53:32,299 [Worker-4] INFO  o.e.m.j.i.AbstractJavaProjectConfigurator - Adding source folder /gmail/src/main/java
2019-05-14 16:53:32,307 [Worker-4] INFO  o.e.m.j.i.AbstractJavaProjectConfigurator - Adding source folder /gmail/src/test/java
2019-05-14 16:53:32,409 [Worker-4] INFO  o.e.m.c.i.p.ProjectConfigurationManager - Imported and configured 1 project(s) in 2 sec
2019-05-14 16:53:33,076 [Worker-4] INFO  o.e.m.c.i.l.LifecycleMappingFactory - Using org.eclipse.m2e.jdt.JarLifecycleMapping lifecycle mapping for MavenProject: basic:gmail:0.0.1-SNAPSHOT @ C:\Users\senthil\Desktop\workspace\qsp1\gmail\pom.xml.
2019-05-14 16:53:33,153 [Worker-5] INFO  o.e.m.c.i.l.LifecycleMappingFactory - Using org.eclipse.m2e.jdt.JarLifecycleMapping lifecycle mapping for MavenProject: basic:gmail:0.0.1-SNAPSHOT @ C:\Users\senthil\Desktop\workspace\qsp1\gmail\pom.xml.
2019-05-14 16:53:33,377 [Worker-5] INFO  o.e.m.c.i.embedder.EclipseLogger - Using 'UTF-8' encoding to copy filtered resources.
2019-05-14 16:53:33,377 [Worker-5] INFO  o.e.m.c.i.embedder.EclipseLogger - skip non existing resourceDirectory C:\Users\senthil\Desktop\workspace\qsp1\gmail\src\main\resources
2019-05-14 16:53:33,379 [Worker-5] INFO  o.e.m.c.i.embedder.EclipseLogger - Using 'UTF-8' encoding to copy filtered resources.
2019-05-14 16:53:33,379 [Worker-5] INFO  o.e.m.c.i.embedder.EclipseLogger - skip non existing resourceDirectory C:\Users\senthil\Desktop\workspace\qsp1\gmail\src\test\resources
2019-05-14 16:53:34,473 [Worker-1] INFO  o.e.m.c.i.l.LifecycleMappingFactory - Using org.eclipse.m2e.jdt.JarLifecycleMapping lifecycle mapping for MavenProject: basic:gmail:0.0.1-SNAPSHOT @ C:\Users\senthil\Desktop\workspace\qsp1\gmail\pom.xml.
2019-05-14 16:53:34,722 [Worker-3] INFO  o.e.m.c.i.embedder.EclipseLogger - Using 'UTF-8' encoding to copy filtered resources.
2019-05-14 16:53:34,722 [Worker-3] INFO  o.e.m.c.i.embedder.EclipseLogger - skip non existing resourceDirectory C:\Users\senthil\Desktop\workspace\qsp1\gmail\src\main\resources
2019-05-14 16:53:34,722 [Worker-3] INFO  o.e.m.c.i.embedder.EclipseLogger - Using 'UTF-8' encoding to copy filtered resources.
2019-05-14 16:53:34,722 [Worker-3] INFO  o.e.m.c.i.embedder.EclipseLogger - skip non existing resourceDirectory C:\Users\senthil\Desktop\workspace\qsp1\gmail\src\test\resources
2019-05-14 16:54:18,526 [Worker-5] INFO  o.e.m.c.i.l.LifecycleMappingFactory - Using org.eclipse.m2e.jdt.JarLifecycleMapping lifecycle mapping for MavenProject: basic:gmail:0.0.1-SNAPSHOT @ C:\Users\senthil\Desktop\workspace\qsp1\gmail\pom.xml.
2019-05-14 16:54:18,619 [Worker-5] INFO  o.e.m.c.i.embedder.EclipseLogger - Using 'UTF-8' encoding to copy filtered resources.
2019-05-14 16:54:18,619 [Worker-5] INFO  o.e.m.c.i.embedder.EclipseLogger - skip non existing resourceDirectory C:\Users\senthil\Desktop\workspace\qsp1\gmail\src\main\resources
2019-05-14 16:54:18,621 [Worker-5] INFO  o.e.m.c.i.embedder.EclipseLogger - Using 'UTF-8' encoding to copy filtered resources.
2019-05-14 16:54:18,625 [Worker-5] INFO  o.e.m.c.i.embedder.EclipseLogger - skip non existing resourceDirectory C:\Users\senthil\Desktop\workspace\qsp1\gmail\src\test\resources
2019-05-14 16:54:40,022 [Worker-3] INFO  o.e.m.c.i.l.LifecycleMappingFactory - Using org.eclipse.m2e.jdt.JarLifecycleMapping lifecycle mapping for MavenProject: basic:gmail:0.0.1-SNAPSHOT @ C:\Users\senthil\Desktop\workspace\qsp1\gmail\pom.xml.
2019-05-14 16:54:40,122 [Worker-3] INFO  o.e.m.c.i.embedder.EclipseLogger - Using 'UTF-8' encoding to copy filtered resources.
2019-05-14 16:54:40,126 [Worker-3] INFO  o.e.m.c.i.embedder.EclipseLogger - skip non existing resourceDirectory C:\Users\senthil\Desktop\workspace\qsp1\gmail\src\main\resources
2019-05-14 16:54:40,132 [Worker-3] INFO  o.e.m.c.i.embedder.EclipseLogger - Using 'UTF-8' encoding to copy filtered resources.
2019-05-14 16:54:40,132 [Worker-3] INFO  o.e.m.c.i.embedder.EclipseLogger - skip non existing resourceDirectory C:\Users\senthil\Desktop\workspace\qsp1\gmail\src\test\resources
2019-05-14 16:55:08,801 [Worker-2] INFO  o.e.m.c.i.l.LifecycleMappingFactory - Using org.eclipse.m2e.jdt.JarLifecycleMapping lifecycle mapping for MavenProject: basic:gmail:0.0.1-SNAPSHOT @ C:\Users\senthil\Desktop\workspace\qsp1\gmail\pom.xml.
2019-05-14 16:55:08,933 [Worker-2] INFO  o.e.m.c.i.embedder.EclipseLogger - Using 'UTF-8' encoding to copy filtered resources.
2019-05-14 16:55:08,937 [Worker-2] INFO  o.e.m.c.i.embedder.EclipseLogger - skip non existing resourceDirectory C:\Users\senthil\Desktop\workspace\qsp1\gmail\src\main\resources
2019-05-14 16:55:08,943 [Worker-2] INFO  o.e.m.c.i.embedder.EclipseLogger - Using 'UTF-8' encoding to copy filtered resources.
2019-05-14 16:55:08,947 [Worker-2] INFO  o.e.m.c.i.embedder.EclipseLogger - skip non existing resourceDirectory C:\Users\senthil\Desktop\workspace\qsp1\gmail\src\test\resources
2019-05-14 16:55:10,143 [Worker-0] INFO  o.e.m.c.i.embedder.EclipseLogger - Using 'UTF-8' encoding to copy filtered resources.
2019-05-14 16:55:10,158 [Worker-0] INFO  o.e.m.c.i.embedder.EclipseLogger - skip non existing resourceDirectory C:\Users\senthil\Desktop\workspace\qsp1\gmail\src\main\resources
2019-05-14 16:55:10,169 [Worker-0] INFO  o.e.m.c.i.embedder.EclipseLogger - Using 'UTF-8' encoding to copy filtered resources.
2019-05-14 16:55:10,174 [Worker-0] INFO  o.e.m.c.i.embedder.EclipseLogger - skip non existing resourceDirectory C:\Users\senthil\Desktop\workspace\qsp1\gmail\src\test\resources
2019-05-14 16:55:21,871 [Worker-0] INFO  o.e.m.c.i.embedder.EclipseLogger - Using 'UTF-8' encoding to copy filtered resources.
2019-05-14 16:55:21,871 [Worker-0] INFO  o.e.m.c.i.embedder.EclipseLogger - skip non existing resourceDirectory C:\Users\senthil\Desktop\workspace\qsp1\gmail\src\main\resources
2019-05-14 16:55:21,886 [Worker-0] INFO  o.e.m.c.i.embedder.EclipseLogger - Using 'UTF-8' encoding to copy filtered resources.
2019-05-14 16:55:21,886 [Worker-0] INFO  o.e.m.c.i.embedder.EclipseLogger - skip non existing resourceDirectory C:\Users\senthil\Desktop\workspace\qsp1\gmail\src\test\resources
2019-05-14 16:55:23,246 [Worker-0] INFO  o.e.m.c.i.embedder.EclipseLogger - Using 'UTF-8' encoding to copy filtered resources.
2019-05-14 16:55:23,251 [Worker-0] INFO  o.e.m.c.i.embedder.EclipseLogger - skip non existing resourceDirectory C:\Users\senthil\Desktop\workspace\qsp1\gmail\src\main\resources
2019-05-14 16:55:23,258 [Worker-0] INFO  o.e.m.c.i.embedder.EclipseLogger - Using 'UTF-8' encoding to copy filtered resources.
2019-05-14 16:55:23,263 [Worker-0] INFO  o.e.m.c.i.embedder.EclipseLogger - skip non existing resourceDirectory C:\Users\senthil\Desktop\workspace\qsp1\gmail\src\test\resources
2019-05-14 16:55:29,286 [Worker-3] INFO  o.e.m.c.i.embedder.EclipseLogger - Using 'UTF-8' encoding to copy filtered resources.
2019-05-14 16:55:29,294 [Worker-3] INFO  o.e.m.c.i.embedder.EclipseLogger - skip non existing resourceDirectory C:\Users\senthil\Desktop\workspace\qsp\facebook\src\main\resources
2019-05-14 16:55:29,301 [Worker-3] INFO  o.e.m.c.i.embedder.EclipseLogger - Using 'UTF-8' encoding to copy filtered resources.
2019-05-14 16:55:29,305 [Worker-3] INFO  o.e.m.c.i.embedder.EclipseLogger - skip non existing resourceDirectory C:\Users\senthil\Desktop\workspace\qsp\facebook\src\test\resources
2019-05-14 16:55:29,311 [Worker-3] INFO  o.e.m.c.i.embedder.EclipseLogger - Using 'UTF-8' encoding to copy filtered resources.
2019-05-14 16:55:29,316 [Worker-3] INFO  o.e.m.c.i.embedder.EclipseLogger - skip non existing resourceDirectory C:\Users\senthil\Desktop\workspace\qsp1\gmail\src\main\resources
2019-05-14 16:55:29,317 [Worker-3] INFO  o.e.m.c.i.embedder.EclipseLogger - Using 'UTF-8' encoding to copy filtered resources.
2019-05-14 16:55:29,317 [Worker-3] INFO  o.e.m.c.i.embedder.EclipseLogger - skip non existing resourceDirectory C:\Users\senthil\Desktop\workspace\qsp1\gmail\src\test\resources
2019-05-14 16:55:38,464 [Worker-3] INFO  o.e.m.c.i.embedder.EclipseLogger - Using 'UTF-8' encoding to copy filtered resources.
2019-05-14 16:55:38,469 [Worker-3] INFO  o.e.m.c.i.embedder.EclipseLogger - skip non existing resourceDirectory C:\Users\senthil\Desktop\workspace\qsp1\gmail\src\main\resources
